<?xml version="1.0" encoding="UTF-8"?>
<!-- Generated by org.testng.reporters.JUnitXMLReporter -->
<testsuite ignored="1" hostname="LAPTOP-JSH3AFI9" failures="0" tests="2" name="Default test" time="0.065" errors="0" timestamp="2023-01-23T16:13:56 IST">
  <testcase classname="testNGKeywords.Enable" name="b" time="0.01"/>
  <testcase classname="testNGKeywords.Enable" name="c" time="0.001"/>
  <testcase classname="testNGKeywords.Enable" name="a" time="0.0">
    <ignored/>
  </testcase> <!-- a -->
</testsuite> <!-- Default test -->
