<?xml version="1.0" encoding="UTF-8"?>
<!-- Generated by org.testng.reporters.JUnitXMLReporter -->
<testsuite ignored="3" hostname="LAPTOP-JSH3AFI9" failures="1" tests="2" name="Test(failed)" time="0.075" errors="0" timestamp="2023-01-01T17:18:57 IST">
  <testcase classname="testNGXMLStudy.FailedStudy" name="b" time="0.012"/>
  <testcase classname="testNGXMLStudy.FailedStudy" name="c" time="0.004">
    <failure type="java.lang.AssertionError" message="null">
      <![CDATA[java.lang.AssertionError: null
at testNGXMLStudy.FailedStudy.c(FailedStudy.java:21)
at java.base/java.util.ArrayList.forEach(ArrayList.java:1541)
... Removed 29 stack frames]]>
    </failure>
  </testcase> <!-- c -->
  <testcase classname="testNGXMLStudy.FailedStudy" name="d" time="0.0">
    <ignored/>
  </testcase> <!-- d -->
  <testcase classname="testNGXMLStudy.FailedStudy" name="e" time="0.0">
    <ignored/>
  </testcase> <!-- e -->
  <testcase classname="testNGXMLStudy.FailedStudy" name="a" time="0.0">
    <ignored/>
  </testcase> <!-- a -->
</testsuite> <!-- Test(failed) -->
