<?xml version="1.0" encoding="UTF-8"?>
<testng-results ignored="0" total="2" passed="2" failed="0" skipped="0">
  <reporter-output>
  </reporter-output>
  <suite started-at="2023-02-02T17:02:49 IST" name="Suite" finished-at="2023-02-02T17:03:07 IST" duration-ms="17924">
    <groups>
    </groups>
    <test started-at="2023-02-02T17:02:49 IST" name="Test1" finished-at="2023-02-02T17:03:05 IST" duration-ms="16480">
      <class name="testNGCrossBrowserTest.CBTesting4">
        <test-method signature="CBTest(java.lang.String)[pri:0, instance:testNGCrossBrowserTest.CBTesting4@2892d68]" started-at="2023-02-02T17:02:49 IST" name="CBTest" finished-at="2023-02-02T17:03:05 IST" duration-ms="16402" status="PASS">
          <params>
            <param index="0">
              <value>
                <![CDATA[firefox]]>
              </value>
            </param>
          </params>
          <reporter-output>
          </reporter-output>
        </test-method> <!-- CBTest -->
      </class> <!-- testNGCrossBrowserTest.CBTesting4 -->
    </test> <!-- Test1 -->
    <test started-at="2023-02-02T17:02:49 IST" name="Test" finished-at="2023-02-02T17:03:07 IST" duration-ms="17924">
      <class name="testNGCrossBrowserTest.CBTesting4">
        <test-method signature="CBTest(java.lang.String)[pri:0, instance:testNGCrossBrowserTest.CBTesting4@6404f418]" started-at="2023-02-02T17:02:49 IST" name="CBTest" finished-at="2023-02-02T17:03:06 IST" duration-ms="17858" status="PASS">
          <params>
            <param index="0">
              <value>
                <![CDATA[chrome]]>
              </value>
            </param>
          </params>
          <reporter-output>
          </reporter-output>
        </test-method> <!-- CBTest -->
      </class> <!-- testNGCrossBrowserTest.CBTesting4 -->
    </test> <!-- Test -->
  </suite> <!-- Suite -->
</testng-results>
