<?xml version="1.0" encoding="UTF-8"?>
<testng-results ignored="0" total="1" passed="1" failed="0" skipped="0">
  <reporter-output>
  </reporter-output>
  <suite started-at="2023-01-25T23:16:35 IST" name="Suite" finished-at="2023-01-25T23:17:17 IST" duration-ms="41768">
    <groups>
    </groups>
    <test started-at="2023-01-25T23:16:35 IST" name="Test" finished-at="2023-01-25T23:17:17 IST" duration-ms="41768">
      <class name="testNGCrossBrowserTest.CBTesting3">
        <test-method signature="cbTest(java.lang.String)[pri:0, instance:testNGCrossBrowserTest.CBTesting3@6404f418]" started-at="2023-01-25T23:16:35 IST" name="cbTest" finished-at="2023-01-25T23:17:17 IST" duration-ms="41704" status="PASS">
          <params>
            <param index="0">
              <value>
                <![CDATA[chrome]]>
              </value>
            </param>
          </params>
          <reporter-output>
          </reporter-output>
        </test-method> <!-- cbTest -->
      </class> <!-- testNGCrossBrowserTest.CBTesting3 -->
    </test> <!-- Test -->
  </suite> <!-- Suite -->
</testng-results>
